<?xml version="1.0" encoding="UTF-8"?>
<robot generator="Robot 3.2.2 (Python 3.7.9 on win32)" generated="20210120 12:06:18.047" rpa="false">
<suite id="s1" name="OpenEMR" source="C:\Users\CTEA\eclipse-workspace\Robot_Framework\Robot_workspace\OpenEMR">
<suite id="s1-s1" name="DataBaseSuite" source="C:\Users\CTEA\eclipse-workspace\Robot_Framework\Robot_workspace\OpenEMR\DataBaseSuite">
<suite id="s1-s1-s1" name="Verify DB Details" source="C:\Users\CTEA\eclipse-workspace\Robot_Framework\Robot_workspace\OpenEMR\DataBaseSuite\Verify_DB_Details.robot">
<kw name="Connect To Database" library="DatabaseLibrary" type="setup">
<doc>Loads the DB API 2.0 module given `dbapiModuleName` then uses it to
connect to the database using `dbName`, `dbUsername`, and `dbPassword`.</doc>
<arguments>
<arg>pymysql</arg>
<arg>dbName=dbfree_db</arg>
<arg>dbUsername=dbfree_db</arg>
<arg>dbPassword=12345678</arg>
<arg>dbHost=db4free.net</arg>
<arg>dbPort=3306</arg>
</arguments>
<msg timestamp="20210120 12:06:18.182" level="INFO">Connecting using : pymysql.connect(db=dbfree_db, user=dbfree_db, passwd=12345678, host=db4free.net, port=3306, charset=None) </msg>
<status status="PASS" starttime="20210120 12:06:18.163" endtime="20210120 12:06:18.757"></status>
</kw>
<test id="s1-s1-s1-t1" name="TC1_DB">
<kw name="Row Count" library="DatabaseLibrary">
<doc>Uses the input `selectStatement` to query the database and returns the number of rows from the query. Set
optional input `sansTran` to True to run command without an explicit transaction commit or rollback.</doc>
<arguments>
<arg>SELECT * FROM country</arg>
</arguments>
<assign>
<var>${row_count}</var>
</assign>
<msg timestamp="20210120 12:06:18.760" level="INFO">Executing : Row Count  |  SELECT * FROM country </msg>
<msg timestamp="20210120 12:06:19.196" level="INFO">${row_count} = 239</msg>
<status status="PASS" starttime="20210120 12:06:18.759" endtime="20210120 12:06:19.196"></status>
</kw>
<kw name="Log To Console" library="BuiltIn">
<doc>Logs the given message to the console.</doc>
<arguments>
<arg>${row_count}</arg>
</arguments>
<status status="PASS" starttime="20210120 12:06:19.197" endtime="20210120 12:06:19.198"></status>
</kw>
<kw name="Row Count Is 0" library="DatabaseLibrary">
<doc>Check if any rows are returned from the submitted `selectStatement`. If there are, then this will throw an
AssertionError. Set optional input `sansTran` to True to run command without an explicit transaction commit or
rollback.</doc>
<arguments>
<arg>SELECT * FROM city</arg>
</arguments>
<msg timestamp="20210120 12:06:19.199" level="INFO">Executing : Row Count Is 0  |  SELECT * FROM city </msg>
<msg timestamp="20210120 12:06:19.199" level="INFO">Executing : Row Count  |  SELECT * FROM city </msg>
<status status="PASS" starttime="20210120 12:06:19.198" endtime="20210120 12:06:19.483"></status>
</kw>
<kw name="Row Count Is Equal To X" library="DatabaseLibrary">
<doc>Check if the number of rows returned from `selectStatement` is equal to the value submitted. If not, then this
will throw an AssertionError. Set optional input `sansTran` to True to run command without an explicit
transaction commit or rollback.</doc>
<arguments>
<arg>SELECT * FROM city</arg>
<arg>239</arg>
</arguments>
<msg timestamp="20210120 12:06:19.485" level="INFO">Executing : Row Count Is Equal To X  |  SELECT * FROM city  |  239 </msg>
<msg timestamp="20210120 12:06:19.485" level="INFO">Executing : Row Count  |  SELECT * FROM city </msg>
<msg timestamp="20210120 12:06:19.770" level="FAIL">Expected same number of rows to be returned from 'SELECT * FROM city' than the returned rows of 0</msg>
<status status="FAIL" starttime="20210120 12:06:19.484" endtime="20210120 12:06:19.770"></status>
</kw>
<status status="FAIL" starttime="20210120 12:06:18.758" endtime="20210120 12:06:19.770" critical="yes">Expected same number of rows to be returned from 'SELECT * FROM city' than the returned rows of 0</status>
</test>
<kw name="Disconnect From Database" library="DatabaseLibrary" type="teardown">
<doc>Disconnects from the database.</doc>
<msg timestamp="20210120 12:06:19.772" level="INFO">Executing : Disconnect From Database</msg>
<status status="PASS" starttime="20210120 12:06:19.772" endtime="20210120 12:06:19.773"></status>
</kw>
<status status="FAIL" starttime="20210120 12:06:18.142" endtime="20210120 12:06:19.773"></status>
</suite>
<status status="FAIL" starttime="20210120 12:06:18.137" endtime="20210120 12:06:19.776"></status>
</suite>
<status status="FAIL" starttime="20210120 12:06:18.101" endtime="20210120 12:06:19.779"></status>
</suite>
<statistics>
<total>
<stat pass="0" fail="1">Critical Tests</stat>
<stat pass="0" fail="1">All Tests</stat>
</total>
<tag>
</tag>
<suite>
<stat pass="0" fail="1" id="s1" name="OpenEMR">OpenEMR</stat>
<stat pass="0" fail="1" id="s1-s1" name="DataBaseSuite">OpenEMR.DataBaseSuite</stat>
<stat pass="0" fail="1" id="s1-s1-s1" name="Verify DB Details">OpenEMR.DataBaseSuite.Verify DB Details</stat>
</suite>
</statistics>
<errors>
</errors>
</robot>
